<?xml version="1.0" encoding="UTF-8"?>
<!-- Generated by org.testng.reporters.JUnitReportReporter -->
<testsuite hostname="LAPTOP-HLPTSBU6" failures="0" tests="2" name="Wipro.com.USBANK.CrossBrowserExecution" time="17.285" errors="0" timestamp="2021-05-19T14:54:59 IST" skipped="0">
  <testcase classname="Wipro.com.USBANK.CrossBrowserExecution" name="verifyHeaderValue" time="11.024"/>
  <system-out/>
  <testcase classname="Wipro.com.USBANK.CrossBrowserExecution" name="verifyHeaderValue" time="6.261"/>
  <system-out/>
</testsuite> <!-- Wipro.com.USBANK.CrossBrowserExecution -->
