<?xml version="1.0" encoding="UTF-8"?>
<!-- Generated by org.testng.reporters.JUnitReportReporter -->
<testsuite hostname="LAPTOP-HLPTSBU6" failures="0" tests="1" name="Wipro.com.USBANK.CrossBrowserANDParallelTesting" time="8.371" errors="0" timestamp="2021-05-19T15:13:35 IST" skipped="0">
  <testcase classname="Wipro.com.USBANK.CrossBrowserANDParallelTesting" name="verifyHeaderValue" time="8.371"/>
  <system-out/>
</testsuite> <!-- Wipro.com.USBANK.CrossBrowserANDParallelTesting -->
